<?xml version="1.0" encoding="UTF-8"?>
<!-- Generated by org.testng.reporters.JUnitReportReporter -->
<testsuite hostname="Vaibhav" failures="0" tests="1" name="com.orengeHRM.testcases.DashboardTest" time="27.338" errors="0" timestamp="2024-08-30T17:58:59 IST" skipped="0">
  <testcase classname="com.orengeHRM.testcases.DashboardTest" name="navigateToPIM" time="27.338"/>
</testsuite> <!-- com.orengeHRM.testcases.DashboardTest -->
