<?xml version="1.0" encoding="UTF-8"?>
<!-- Generated by org.testng.reporters.JUnitReportReporter -->
<testsuite hostname="Vaibhav" failures="0" tests="3" name="com.orengeHRM.testcases.EmployeePageTest" time="86.552" errors="0" timestamp="2024-09-10T11:13:20 IST" skipped="0">
  <testcase classname="com.orengeHRM.testcases.EmployeePageTest" name="editEmployee" time="34.746"/>
  <testcase classname="com.orengeHRM.testcases.EmployeePageTest" name="addEmployee" time="20.516"/>
  <testcase classname="com.orengeHRM.testcases.EmployeePageTest" name="empSearchByStatus" time="31.290"/>
</testsuite> <!-- com.orengeHRM.testcases.EmployeePageTest -->
