<?xml version="1.0" encoding="UTF-8"?>
<!-- Generated by org.testng.reporters.JUnitReportReporter -->
<testsuite hostname="Vaibhav" failures="0" tests="1" name="com.orengeHRM.testcases.LoginTest" time="46.121" errors="0" timestamp="2024-09-14T12:44:37 IST" skipped="0">
  <testcase classname="com.orengeHRM.testcases.LoginTest" name="verifyResetPassword" time="46.121"/>
</testsuite> <!-- com.orengeHRM.testcases.LoginTest -->
