<?xml version="1.0" encoding="UTF-8"?>
<!-- Generated by org.testng.reporters.JUnitReportReporter -->
<testsuite hostname="Vaibhav" failures="0" tests="1" name="com.orengeHRM.testcases.LoginTest" time="35.509" errors="0" timestamp="2024-09-13T15:10:41 IST" skipped="0">
  <testcase classname="com.orengeHRM.testcases.LoginTest" name="validLogin" time="35.509"/>
</testsuite> <!-- com.orengeHRM.testcases.LoginTest -->
