<?xml version="1.0" encoding="UTF-8"?>
<!-- Generated by org.testng.reporters.JUnitReportReporter -->
<testsuite hostname="Vaibhav" failures="0" tests="1" name="com.orengeHRM.testcases.ResetPasswordTest" time="19.110" errors="0" timestamp="2024-08-29T14:31:42 IST" skipped="0">
  <testcase classname="com.orengeHRM.testcases.ResetPasswordTest" name="cancelResetPass" time="19.110"/>
</testsuite> <!-- com.orengeHRM.testcases.ResetPasswordTest -->
