<?xml version="1.0" encoding="UTF-8"?>
<!-- Generated by org.testng.reporters.JUnitReportReporter -->
<testsuite hostname="Vaibhav" failures="0" tests="2" name="com.orengeHRM.testcases.DashboardTest" time="49.089" errors="0" timestamp="2024-09-25T17:53:34 IST" skipped="0">
  <testcase classname="com.orengeHRM.testcases.DashboardTest" name="countQuickLaunchOptions" time="19.994"/>
  <testcase classname="com.orengeHRM.testcases.DashboardTest" name="quickLaunchIconDisplay" time="29.095"/>
</testsuite> <!-- com.orengeHRM.testcases.DashboardTest -->
